{"C:\\Users\\Marius\\Desktop\\Futureproof\\LAP 2\\LAP 2 Project\\trivia-planet\\src\\App.js": {"path":"C:\\Users\\Marius\\Desktop\\Futureproof\\LAP 2\\LAP 2 Project\\trivia-planet\\src\\App.js","statementMap":{"0":{"start":{"line":12,"column":6},"end":{"line":22,"column":7}}},"fnMap":{"0":{"name":"(anonymous_0)","decl":{"start":{"line":11,"column":4},"end":{"line":11,"column":5}},"loc":{"start":{"line":11,"column":13},"end":{"line":23,"column":5}},"line":11}},"branchMap":{},"s":{"0":3},"f":{"0":3},"b":{},"_coverageSchema":"1a1c01bbd47fc00a2c39e90264f33305004495a9","hash":"3dd4682ebfb04bd1af69eeb637f0c5e1e8d15f61"}
,"C:\\Users\\Marius\\Desktop\\Futureproof\\LAP 2\\LAP 2 Project\\trivia-planet\\src\\actions\\index.js": {"path":"C:\\Users\\Marius\\Desktop\\Futureproof\\LAP 2\\LAP 2 Project\\trivia-planet\\src\\actions\\index.js","statementMap":{"0":{"start":{"line":5,"column":21},"end":{"line":8,"column":2}},"1":{"start":{"line":5,"column":29},"end":{"line":8,"column":1}},"2":{"start":{"line":10,"column":19},"end":{"line":13,"column":2}},"3":{"start":{"line":10,"column":27},"end":{"line":13,"column":1}},"4":{"start":{"line":15,"column":21},"end":{"line":19,"column":2}},"5":{"start":{"line":15,"column":30},"end":{"line":19,"column":1}},"6":{"start":{"line":21,"column":23},"end":{"line":24,"column":2}},"7":{"start":{"line":21,"column":32},"end":{"line":24,"column":1}},"8":{"start":{"line":26,"column":25},"end":{"line":36,"column":1}},"9":{"start":{"line":27,"column":4},"end":{"line":35,"column":5}},"10":{"start":{"line":28,"column":8},"end":{"line":28,"column":55}},"11":{"start":{"line":29,"column":8},"end":{"line":34,"column":9}},"12":{"start":{"line":30,"column":24},"end":{"line":30,"column":50}},"13":{"start":{"line":31,"column":12},"end":{"line":31,"column":38}},"14":{"start":{"line":33,"column":12},"end":{"line":33,"column":37}},"15":{"start":{"line":38,"column":24},"end":{"line":42,"column":1}},"16":{"start":{"line":39,"column":4},"end":{"line":41,"column":5}},"17":{"start":{"line":40,"column":8},"end":{"line":40,"column":37}},"18":{"start":{"line":44,"column":24},"end":{"line":48,"column":1}},"19":{"start":{"line":45,"column":4},"end":{"line":47,"column":5}},"20":{"start":{"line":46,"column":8},"end":{"line":46,"column":39}},"21":{"start":{"line":50,"column":18},"end":{"line":62,"column":1}},"22":{"start":{"line":51,"column":4},"end":{"line":61,"column":5}},"23":{"start":{"line":52,"column":20},"end":{"line":52,"column":178}},"24":{"start":{"line":53,"column":21},"end":{"line":53,"column":37}},"25":{"start":{"line":54,"column":8},"end":{"line":58,"column":11}},"26":{"start":{"line":54,"column":41},"end":{"line":58,"column":9}},"27":{"start":{"line":60,"column":8},"end":{"line":60,"column":33}}},"fnMap":{"0":{"name":"(anonymous_0)","decl":{"start":{"line":5,"column":21},"end":{"line":5,"column":22}},"loc":{"start":{"line":5,"column":29},"end":{"line":8,"column":1}},"line":5},"1":{"name":"(anonymous_1)","decl":{"start":{"line":10,"column":19},"end":{"line":10,"column":20}},"loc":{"start":{"line":10,"column":27},"end":{"line":13,"column":1}},"line":10},"2":{"name":"(anonymous_2)","decl":{"start":{"line":15,"column":21},"end":{"line":15,"column":22}},"loc":{"start":{"line":15,"column":30},"end":{"line":19,"column":1}},"line":15},"3":{"name":"(anonymous_3)","decl":{"start":{"line":21,"column":23},"end":{"line":21,"column":24}},"loc":{"start":{"line":21,"column":32},"end":{"line":24,"column":1}},"line":21},"4":{"name":"(anonymous_4)","decl":{"start":{"line":26,"column":25},"end":{"line":26,"column":26}},"loc":{"start":{"line":26,"column":37},"end":{"line":36,"column":1}},"line":26},"5":{"name":"(anonymous_5)","decl":{"start":{"line":27,"column":11},"end":{"line":27,"column":12}},"loc":{"start":{"line":27,"column":28},"end":{"line":35,"column":5}},"line":27},"6":{"name":"(anonymous_6)","decl":{"start":{"line":38,"column":24},"end":{"line":38,"column":25}},"loc":{"start":{"line":38,"column":32},"end":{"line":42,"column":1}},"line":38},"7":{"name":"(anonymous_7)","decl":{"start":{"line":39,"column":11},"end":{"line":39,"column":12}},"loc":{"start":{"line":39,"column":29},"end":{"line":41,"column":5}},"line":39},"8":{"name":"(anonymous_8)","decl":{"start":{"line":44,"column":24},"end":{"line":44,"column":25}},"loc":{"start":{"line":44,"column":32},"end":{"line":48,"column":1}},"line":44},"9":{"name":"(anonymous_9)","decl":{"start":{"line":45,"column":11},"end":{"line":45,"column":12}},"loc":{"start":{"line":45,"column":29},"end":{"line":47,"column":5}},"line":45},"10":{"name":"(anonymous_10)","decl":{"start":{"line":50,"column":18},"end":{"line":50,"column":19}},"loc":{"start":{"line":50,"column":37},"end":{"line":62,"column":1}},"line":50},"11":{"name":"(anonymous_11)","decl":{"start":{"line":54,"column":32},"end":{"line":54,"column":33}},"loc":{"start":{"line":54,"column":41},"end":{"line":58,"column":9}},"line":54}},"branchMap":{},"s":{"0":3,"1":0,"2":3,"3":0,"4":3,"5":0,"6":3,"7":0,"8":3,"9":0,"10":0,"11":0,"12":0,"13":0,"14":0,"15":3,"16":0,"17":0,"18":3,"19":0,"20":0,"21":3,"22":0,"23":0,"24":0,"25":0,"26":0,"27":0},"f":{"0":0,"1":0,"2":0,"3":0,"4":0,"5":0,"6":0,"7":0,"8":0,"9":0,"10":0,"11":0},"b":{},"_coverageSchema":"1a1c01bbd47fc00a2c39e90264f33305004495a9","hash":"77396e3893b094bde3171773ff4c7ec8a835b45a"}
,"C:\\Users\\Marius\\Desktop\\Futureproof\\LAP 2\\LAP 2 Project\\trivia-planet\\src\\components\\Quiz\\index.js": {"path":"C:\\Users\\Marius\\Desktop\\Futureproof\\LAP 2\\LAP 2 Project\\trivia-planet\\src\\components\\Quiz\\index.js","statementMap":{"0":{"start":{"line":9,"column":11},"end":{"line":9,"column":13}},"1":{"start":{"line":11,"column":18},"end":{"line":19,"column":5}},"2":{"start":{"line":12,"column":27},"end":{"line":12,"column":85}},"3":{"start":{"line":14,"column":8},"end":{"line":14,"column":60}},"4":{"start":{"line":15,"column":8},"end":{"line":15,"column":26}},"5":{"start":{"line":16,"column":8},"end":{"line":16,"column":38}},"6":{"start":{"line":17,"column":8},"end":{"line":17,"column":26}},"7":{"start":{"line":18,"column":8},"end":{"line":18,"column":25}},"8":{"start":{"line":21,"column":21},"end":{"line":29,"column":5}},"9":{"start":{"line":22,"column":8},"end":{"line":22,"column":27}},"10":{"start":{"line":23,"column":8},"end":{"line":25,"column":9}},"11":{"start":{"line":24,"column":12},"end":{"line":24,"column":39}},"12":{"start":{"line":26,"column":8},"end":{"line":28,"column":10}},"13":{"start":{"line":31,"column":22},"end":{"line":31,"column":40}},"14":{"start":{"line":33,"column":27},"end":{"line":39,"column":5}},"15":{"start":{"line":34,"column":28},"end":{"line":34,"column":30}},"16":{"start":{"line":35,"column":8},"end":{"line":37,"column":9}},"17":{"start":{"line":36,"column":12},"end":{"line":36,"column":57}},"18":{"start":{"line":38,"column":8},"end":{"line":38,"column":27}},"19":{"start":{"line":42,"column":8},"end":{"line":46,"column":9}},"20":{"start":{"line":43,"column":12},"end":{"line":45,"column":15}},"21":{"start":{"line":50,"column":20},"end":{"line":53,"column":5}},"22":{"start":{"line":51,"column":27},"end":{"line":51,"column":183}},"23":{"start":{"line":51,"column":64},"end":{"line":51,"column":182}},"24":{"start":{"line":51,"column":124},"end":{"line":51,"column":154}},"25":{"start":{"line":52,"column":12},"end":{"line":52,"column":89}},"26":{"start":{"line":56,"column":8},"end":{"line":63,"column":9}}},"fnMap":{"0":{"name":"(anonymous_0)","decl":{"start":{"line":11,"column":18},"end":{"line":11,"column":19}},"loc":{"start":{"line":11,"column":24},"end":{"line":19,"column":5}},"line":11},"1":{"name":"(anonymous_1)","decl":{"start":{"line":21,"column":21},"end":{"line":21,"column":22}},"loc":{"start":{"line":21,"column":36},"end":{"line":29,"column":5}},"line":21},"2":{"name":"(anonymous_2)","decl":{"start":{"line":33,"column":27},"end":{"line":33,"column":28}},"loc":{"start":{"line":33,"column":32},"end":{"line":39,"column":5}},"line":33},"3":{"name":"(anonymous_3)","decl":{"start":{"line":41,"column":4},"end":{"line":41,"column":5}},"loc":{"start":{"line":41,"column":23},"end":{"line":47,"column":5}},"line":41},"4":{"name":"(anonymous_4)","decl":{"start":{"line":50,"column":20},"end":{"line":50,"column":21}},"loc":{"start":{"line":50,"column":30},"end":{"line":53,"column":5}},"line":50},"5":{"name":"(anonymous_5)","decl":{"start":{"line":51,"column":52},"end":{"line":51,"column":53}},"loc":{"start":{"line":51,"column":64},"end":{"line":51,"column":182}},"line":51},"6":{"name":"(anonymous_6)","decl":{"start":{"line":51,"column":119},"end":{"line":51,"column":120}},"loc":{"start":{"line":51,"column":124},"end":{"line":51,"column":154}},"line":51},"7":{"name":"(anonymous_7)","decl":{"start":{"line":55,"column":4},"end":{"line":55,"column":5}},"loc":{"start":{"line":55,"column":13},"end":{"line":64,"column":5}},"line":55}},"branchMap":{"0":{"loc":{"start":{"line":23,"column":8},"end":{"line":25,"column":9}},"type":"if","locations":[{"start":{"line":23,"column":8},"end":{"line":25,"column":9}},{"start":{"line":23,"column":8},"end":{"line":25,"column":9}}],"line":23}},"s":{"0":0,"1":0,"2":0,"3":0,"4":0,"5":0,"6":0,"7":0,"8":0,"9":0,"10":0,"11":0,"12":0,"13":0,"14":0,"15":0,"16":0,"17":0,"18":0,"19":0,"20":0,"21":0,"22":0,"23":0,"24":0,"25":0,"26":0},"f":{"0":0,"1":0,"2":0,"3":0,"4":0,"5":0,"6":0,"7":0},"b":{"0":[0,0]},"_coverageSchema":"1a1c01bbd47fc00a2c39e90264f33305004495a9","hash":"58fa4a37035a863ef0d34631992e914e840c4775"}
,"C:\\Users\\Marius\\Desktop\\Futureproof\\LAP 2\\LAP 2 Project\\trivia-planet\\src\\components\\apiForm\\index.js": {"path":"C:\\Users\\Marius\\Desktop\\Futureproof\\LAP 2\\LAP 2 Project\\trivia-planet\\src\\components\\apiForm\\index.js","statementMap":{"0":{"start":{"line":10,"column":20},"end":{"line":19,"column":5}},"1":{"start":{"line":11,"column":8},"end":{"line":11,"column":27}},"2":{"start":{"line":12,"column":8},"end":{"line":18,"column":11}},"3":{"start":{"line":22,"column":8},"end":{"line":74,"column":10}},"4":{"start":{"line":78,"column":13},"end":{"line":81,"column":4}},"5":{"start":{"line":78,"column":23},"end":{"line":81,"column":3}}},"fnMap":{"0":{"name":"(anonymous_0)","decl":{"start":{"line":10,"column":20},"end":{"line":10,"column":21}},"loc":{"start":{"line":10,"column":26},"end":{"line":19,"column":5}},"line":10},"1":{"name":"(anonymous_1)","decl":{"start":{"line":21,"column":4},"end":{"line":21,"column":5}},"loc":{"start":{"line":21,"column":13},"end":{"line":75,"column":5}},"line":21},"2":{"name":"(anonymous_2)","decl":{"start":{"line":78,"column":13},"end":{"line":78,"column":14}},"loc":{"start":{"line":78,"column":23},"end":{"line":81,"column":3}},"line":78}},"branchMap":{"0":{"loc":{"start":{"line":72,"column":17},"end":{"line":72,"column":91}},"type":"binary-expr","locations":[{"start":{"line":72,"column":17},"end":{"line":72,"column":40}},{"start":{"line":72,"column":44},"end":{"line":72,"column":91}}],"line":72}},"s":{"0":0,"1":0,"2":0,"3":0,"4":2,"5":0},"f":{"0":0,"1":0,"2":0},"b":{"0":[0,0]},"_coverageSchema":"1a1c01bbd47fc00a2c39e90264f33305004495a9","hash":"e6ffd4380695077ea62588a67b358597522cb376"}
,"C:\\Users\\Marius\\Desktop\\Futureproof\\LAP 2\\LAP 2 Project\\trivia-planet\\src\\components\\navBar\\index.js": {"path":"C:\\Users\\Marius\\Desktop\\Futureproof\\LAP 2\\LAP 2 Project\\trivia-planet\\src\\components\\navBar\\index.js","statementMap":{"0":{"start":{"line":5,"column":15},"end":{"line":12,"column":1}},"1":{"start":{"line":6,"column":4},"end":{"line":11,"column":6}}},"fnMap":{"0":{"name":"(anonymous_0)","decl":{"start":{"line":5,"column":15},"end":{"line":5,"column":16}},"loc":{"start":{"line":5,"column":21},"end":{"line":12,"column":1}},"line":5}},"branchMap":{},"s":{"0":3,"1":4},"f":{"0":4},"b":{},"_coverageSchema":"1a1c01bbd47fc00a2c39e90264f33305004495a9","hash":"d51dcd4096e6240323246d03119b5e0da1fd2586"}
,"C:\\Users\\Marius\\Desktop\\Futureproof\\LAP 2\\LAP 2 Project\\trivia-planet\\src\\components\\playerForm\\index.js": {"path":"C:\\Users\\Marius\\Desktop\\Futureproof\\LAP 2\\LAP 2 Project\\trivia-planet\\src\\components\\playerForm\\index.js","statementMap":{"0":{"start":{"line":10,"column":20},"end":{"line":14,"column":5}},"1":{"start":{"line":11,"column":8},"end":{"line":11,"column":27}},"2":{"start":{"line":12,"column":8},"end":{"line":12,"column":102}},"3":{"start":{"line":12,"column":42},"end":{"line":12,"column":100}},"4":{"start":{"line":13,"column":8},"end":{"line":13,"column":50}},"5":{"start":{"line":16,"column":17},"end":{"line":16,"column":19}},"6":{"start":{"line":18,"column":18},"end":{"line":30,"column":5}},"7":{"start":{"line":20,"column":8},"end":{"line":27,"column":9}},"8":{"start":{"line":20,"column":19},"end":{"line":20,"column":20}},"9":{"start":{"line":21,"column":12},"end":{"line":26,"column":13}},"10":{"start":{"line":29,"column":8},"end":{"line":29,"column":31}},"11":{"start":{"line":33,"column":8},"end":{"line":39,"column":10}}},"fnMap":{"0":{"name":"(anonymous_0)","decl":{"start":{"line":10,"column":20},"end":{"line":10,"column":21}},"loc":{"start":{"line":10,"column":26},"end":{"line":14,"column":5}},"line":10},"1":{"name":"(anonymous_1)","decl":{"start":{"line":12,"column":33},"end":{"line":12,"column":34}},"loc":{"start":{"line":12,"column":42},"end":{"line":12,"column":100}},"line":12},"2":{"name":"(anonymous_2)","decl":{"start":{"line":18,"column":18},"end":{"line":18,"column":19}},"loc":{"start":{"line":18,"column":27},"end":{"line":30,"column":5}},"line":18},"3":{"name":"(anonymous_3)","decl":{"start":{"line":32,"column":4},"end":{"line":32,"column":5}},"loc":{"start":{"line":32,"column":13},"end":{"line":40,"column":5}},"line":32}},"branchMap":{},"s":{"0":0,"1":0,"2":0,"3":0,"4":0,"5":0,"6":0,"7":0,"8":0,"9":0,"10":0,"11":0},"f":{"0":0,"1":0,"2":0,"3":0},"b":{},"_coverageSchema":"1a1c01bbd47fc00a2c39e90264f33305004495a9","hash":"2d4ff29f32b42dca550afb4918235109befc5de7"}
,"C:\\Users\\Marius\\Desktop\\Futureproof\\LAP 2\\LAP 2 Project\\trivia-planet\\src\\components\\winner\\index.js": {"path":"C:\\Users\\Marius\\Desktop\\Futureproof\\LAP 2\\LAP 2 Project\\trivia-planet\\src\\components\\winner\\index.js","statementMap":{"0":{"start":{"line":5,"column":19},"end":{"line":13,"column":5}},"1":{"start":{"line":6,"column":28},"end":{"line":6,"column":44}},"2":{"start":{"line":8,"column":30},"end":{"line":10,"column":10}},"3":{"start":{"line":9,"column":12},"end":{"line":9,"column":65}},"4":{"start":{"line":12,"column":8},"end":{"line":12,"column":29}},"5":{"start":{"line":15,"column":20},"end":{"line":18,"column":5}},"6":{"start":{"line":16,"column":28},"end":{"line":16,"column":44}},"7":{"start":{"line":17,"column":8},"end":{"line":17,"column":33}},"8":{"start":{"line":20,"column":16},"end":{"line":29,"column":5}},"9":{"start":{"line":21,"column":26},"end":{"line":21,"column":28}},"10":{"start":{"line":22,"column":8},"end":{"line":24,"column":9}},"11":{"start":{"line":23,"column":12},"end":{"line":23,"column":65}},"12":{"start":{"line":26,"column":8},"end":{"line":26,"column":46}},"13":{"start":{"line":26,"column":33},"end":{"line":26,"column":44}},"14":{"start":{"line":28,"column":8},"end":{"line":28,"column":25}},"15":{"start":{"line":32,"column":8},"end":{"line":37,"column":10}}},"fnMap":{"0":{"name":"(anonymous_0)","decl":{"start":{"line":5,"column":19},"end":{"line":5,"column":20}},"loc":{"start":{"line":5,"column":25},"end":{"line":13,"column":5}},"line":5},"1":{"name":"(anonymous_1)","decl":{"start":{"line":8,"column":46},"end":{"line":8,"column":47}},"loc":{"start":{"line":8,"column":60},"end":{"line":10,"column":9}},"line":8},"2":{"name":"(anonymous_2)","decl":{"start":{"line":15,"column":20},"end":{"line":15,"column":21}},"loc":{"start":{"line":15,"column":26},"end":{"line":18,"column":5}},"line":15},"3":{"name":"(anonymous_3)","decl":{"start":{"line":20,"column":16},"end":{"line":20,"column":17}},"loc":{"start":{"line":20,"column":22},"end":{"line":29,"column":5}},"line":20},"4":{"name":"(anonymous_4)","decl":{"start":{"line":26,"column":23},"end":{"line":26,"column":24}},"loc":{"start":{"line":26,"column":33},"end":{"line":26,"column":44}},"line":26},"5":{"name":"(anonymous_5)","decl":{"start":{"line":31,"column":4},"end":{"line":31,"column":5}},"loc":{"start":{"line":31,"column":13},"end":{"line":38,"column":5}},"line":31}},"branchMap":{},"s":{"0":0,"1":0,"2":0,"3":0,"4":0,"5":0,"6":0,"7":0,"8":0,"9":0,"10":0,"11":0,"12":0,"13":0,"14":0,"15":0},"f":{"0":0,"1":0,"2":0,"3":0,"4":0,"5":0},"b":{},"_coverageSchema":"1a1c01bbd47fc00a2c39e90264f33305004495a9","hash":"3c422c27a88b5219dd1c0e5bba1bf3d03f16511d"}
,"C:\\Users\\Marius\\Desktop\\Futureproof\\LAP 2\\LAP 2 Project\\trivia-planet\\src\\layout\\index.js": {"path":"C:\\Users\\Marius\\Desktop\\Futureproof\\LAP 2\\LAP 2 Project\\trivia-planet\\src\\layout\\index.js","statementMap":{},"fnMap":{},"branchMap":{},"s":{},"f":{},"b":{},"_coverageSchema":"1a1c01bbd47fc00a2c39e90264f33305004495a9","hash":"d4bc01f447f4b316fa628651659d10ca840d911f"}
,"C:\\Users\\Marius\\Desktop\\Futureproof\\LAP 2\\LAP 2 Project\\trivia-planet\\src\\layout\\footer\\index.js": {"path":"C:\\Users\\Marius\\Desktop\\Futureproof\\LAP 2\\LAP 2 Project\\trivia-planet\\src\\layout\\footer\\index.js","statementMap":{"0":{"start":{"line":4,"column":15},"end":{"line":11,"column":1}},"1":{"start":{"line":5,"column":4},"end":{"line":10,"column":6}}},"fnMap":{"0":{"name":"(anonymous_0)","decl":{"start":{"line":4,"column":15},"end":{"line":4,"column":16}},"loc":{"start":{"line":4,"column":21},"end":{"line":11,"column":1}},"line":4}},"branchMap":{},"s":{"0":2,"1":4},"f":{"0":4},"b":{},"_coverageSchema":"1a1c01bbd47fc00a2c39e90264f33305004495a9","hash":"05a9128ba151839d78598916fdd2f975ef531aa2"}
,"C:\\Users\\Marius\\Desktop\\Futureproof\\LAP 2\\LAP 2 Project\\trivia-planet\\src\\layout\\header\\index.js": {"path":"C:\\Users\\Marius\\Desktop\\Futureproof\\LAP 2\\LAP 2 Project\\trivia-planet\\src\\layout\\header\\index.js","statementMap":{"0":{"start":{"line":9,"column":8},"end":{"line":18,"column":10}}},"fnMap":{"0":{"name":"(anonymous_0)","decl":{"start":{"line":8,"column":4},"end":{"line":8,"column":5}},"loc":{"start":{"line":8,"column":12},"end":{"line":19,"column":5}},"line":8}},"branchMap":{},"s":{"0":4},"f":{"0":4},"b":{},"_coverageSchema":"1a1c01bbd47fc00a2c39e90264f33305004495a9","hash":"9ef2853a6b5e65d6f34f77e74c67e073ee17c129"}
,"C:\\Users\\Marius\\Desktop\\Futureproof\\LAP 2\\LAP 2 Project\\trivia-planet\\src\\pages\\index.js": {"path":"C:\\Users\\Marius\\Desktop\\Futureproof\\LAP 2\\LAP 2 Project\\trivia-planet\\src\\pages\\index.js","statementMap":{},"fnMap":{},"branchMap":{},"s":{},"f":{},"b":{},"_coverageSchema":"1a1c01bbd47fc00a2c39e90264f33305004495a9","hash":"ce4f0a0b411c074d8bbac943141242827af863a4"}
,"C:\\Users\\Marius\\Desktop\\Futureproof\\LAP 2\\LAP 2 Project\\trivia-planet\\src\\pages\\Game\\index.js": {"path":"C:\\Users\\Marius\\Desktop\\Futureproof\\LAP 2\\LAP 2 Project\\trivia-planet\\src\\pages\\Game\\index.js","statementMap":{"0":{"start":{"line":6,"column":8},"end":{"line":10,"column":9}}},"fnMap":{"0":{"name":"(anonymous_0)","decl":{"start":{"line":5,"column":4},"end":{"line":5,"column":5}},"loc":{"start":{"line":5,"column":12},"end":{"line":11,"column":5}},"line":5}},"branchMap":{},"s":{"0":2},"f":{"0":2},"b":{},"_coverageSchema":"1a1c01bbd47fc00a2c39e90264f33305004495a9","hash":"574d024e335d55afd8a843985f89ce184b32e94f"}
,"C:\\Users\\Marius\\Desktop\\Futureproof\\LAP 2\\LAP 2 Project\\trivia-planet\\src\\pages\\Home\\index.js": {"path":"C:\\Users\\Marius\\Desktop\\Futureproof\\LAP 2\\LAP 2 Project\\trivia-planet\\src\\pages\\Home\\index.js","statementMap":{"0":{"start":{"line":8,"column":13},"end":{"line":30,"column":1}},"1":{"start":{"line":9,"column":4},"end":{"line":29,"column":5}}},"fnMap":{"0":{"name":"(anonymous_0)","decl":{"start":{"line":8,"column":13},"end":{"line":8,"column":14}},"loc":{"start":{"line":8,"column":19},"end":{"line":30,"column":1}},"line":8}},"branchMap":{},"s":{"0":2,"1":3},"f":{"0":3},"b":{},"_coverageSchema":"1a1c01bbd47fc00a2c39e90264f33305004495a9","hash":"0c199ecc0f4e15b390b96ca91bc0ab351e574559"}
,"C:\\Users\\Marius\\Desktop\\Futureproof\\LAP 2\\LAP 2 Project\\trivia-planet\\src\\pages\\Questions\\index.js": {"path":"C:\\Users\\Marius\\Desktop\\Futureproof\\LAP 2\\LAP 2 Project\\trivia-planet\\src\\pages\\Questions\\index.js","statementMap":{"0":{"start":{"line":10,"column":12},"end":{"line":12,"column":5}},"1":{"start":{"line":14,"column":21},"end":{"line":15,"column":152}},"2":{"start":{"line":14,"column":27},"end":{"line":15,"column":152}},"3":{"start":{"line":15,"column":4},"end":{"line":15,"column":150}},"4":{"start":{"line":18,"column":18},"end":{"line":21,"column":5}},"5":{"start":{"line":19,"column":8},"end":{"line":19,"column":27}},"6":{"start":{"line":20,"column":8},"end":{"line":20,"column":46}},"7":{"start":{"line":24,"column":8},"end":{"line":34,"column":9}},"8":{"start":{"line":38,"column":13},"end":{"line":42,"column":4}},"9":{"start":{"line":38,"column":23},"end":{"line":42,"column":3}}},"fnMap":{"0":{"name":"(anonymous_0)","decl":{"start":{"line":14,"column":21},"end":{"line":14,"column":22}},"loc":{"start":{"line":14,"column":27},"end":{"line":15,"column":152}},"line":14},"1":{"name":"(anonymous_1)","decl":{"start":{"line":14,"column":48},"end":{"line":14,"column":49}},"loc":{"start":{"line":14,"column":58},"end":{"line":15,"column":151}},"line":14},"2":{"name":"(anonymous_2)","decl":{"start":{"line":18,"column":18},"end":{"line":18,"column":19}},"loc":{"start":{"line":18,"column":23},"end":{"line":21,"column":5}},"line":18},"3":{"name":"(anonymous_3)","decl":{"start":{"line":23,"column":4},"end":{"line":23,"column":5}},"loc":{"start":{"line":23,"column":13},"end":{"line":35,"column":5}},"line":23},"4":{"name":"(anonymous_4)","decl":{"start":{"line":38,"column":13},"end":{"line":38,"column":14}},"loc":{"start":{"line":38,"column":23},"end":{"line":42,"column":3}},"line":38}},"branchMap":{"0":{"loc":{"start":{"line":26,"column":13},"end":{"line":32,"column":56}},"type":"cond-expr","locations":[{"start":{"line":27,"column":17},"end":{"line":31,"column":23}},{"start":{"line":32,"column":17},"end":{"line":32,"column":55}}],"line":26}},"s":{"0":2,"1":2,"2":3,"3":0,"4":2,"5":0,"6":0,"7":3,"8":2,"9":0},"f":{"0":3,"1":0,"2":0,"3":3,"4":0},"b":{"0":[3,0]},"_coverageSchema":"1a1c01bbd47fc00a2c39e90264f33305004495a9","hash":"7d76060e5b13a12d82dfd7f197e978c7692ec781"}
}
