TN:
SF:src\App.js
FN:11,(anonymous_0)
FNF:1
FNH:1
FNDA:3,(anonymous_0)
DA:12,3
LF:1
LH:1
BRF:0
BRH:0
end_of_record
TN:
SF:src\actions\index.js
FN:5,(anonymous_0)
FN:10,(anonymous_1)
FN:15,(anonymous_2)
FN:21,(anonymous_3)
FN:26,(anonymous_4)
FN:27,(anonymous_5)
FN:38,(anonymous_6)
FN:39,(anonymous_7)
FN:44,(anonymous_8)
FN:45,(anonymous_9)
FN:50,(anonymous_10)
FN:54,(anonymous_11)
FNF:12
FNH:0
FNDA:0,(anonymous_0)
FNDA:0,(anonymous_1)
FNDA:0,(anonymous_2)
FNDA:0,(anonymous_3)
FNDA:0,(anonymous_4)
FNDA:0,(anonymous_5)
FNDA:0,(anonymous_6)
FNDA:0,(anonymous_7)
FNDA:0,(anonymous_8)
FNDA:0,(anonymous_9)
FNDA:0,(anonymous_10)
FNDA:0,(anonymous_11)
DA:5,3
DA:10,3
DA:15,3
DA:21,3
DA:26,3
DA:27,0
DA:28,0
DA:29,0
DA:30,0
DA:31,0
DA:33,0
DA:38,3
DA:39,0
DA:40,0
DA:44,3
DA:45,0
DA:46,0
DA:50,3
DA:51,0
DA:52,0
DA:53,0
DA:54,0
DA:60,0
LF:23
LH:8
BRF:0
BRH:0
end_of_record
TN:
SF:src\components\Quiz\index.js
FN:11,(anonymous_0)
FN:21,(anonymous_1)
FN:33,(anonymous_2)
FN:41,(anonymous_3)
FN:50,(anonymous_4)
FN:51,(anonymous_5)
FN:51,(anonymous_6)
FN:55,(anonymous_7)
FNF:8
FNH:0
FNDA:0,(anonymous_0)
FNDA:0,(anonymous_1)
FNDA:0,(anonymous_2)
FNDA:0,(anonymous_3)
FNDA:0,(anonymous_4)
FNDA:0,(anonymous_5)
FNDA:0,(anonymous_6)
FNDA:0,(anonymous_7)
DA:9,0
DA:11,0
DA:12,0
DA:14,0
DA:15,0
DA:16,0
DA:17,0
DA:18,0
DA:21,0
DA:22,0
DA:23,0
DA:24,0
DA:26,0
DA:31,0
DA:33,0
DA:34,0
DA:35,0
DA:36,0
DA:38,0
DA:42,0
DA:43,0
DA:50,0
DA:51,0
DA:52,0
DA:56,0
LF:25
LH:0
BRDA:23,0,0,0
BRDA:23,0,1,0
BRF:2
BRH:0
end_of_record
TN:
SF:src\components\apiForm\index.js
FN:10,(anonymous_0)
FN:21,(anonymous_1)
FN:78,(anonymous_2)
FNF:3
FNH:0
FNDA:0,(anonymous_0)
FNDA:0,(anonymous_1)
FNDA:0,(anonymous_2)
DA:10,0
DA:11,0
DA:12,0
DA:22,0
DA:78,2
LF:5
LH:1
BRDA:72,0,0,0
BRDA:72,0,1,0
BRF:2
BRH:0
end_of_record
TN:
SF:src\components\navBar\index.js
FN:5,(anonymous_0)
FNF:1
FNH:1
FNDA:4,(anonymous_0)
DA:5,3
DA:6,4
LF:2
LH:2
BRF:0
BRH:0
end_of_record
TN:
SF:src\components\playerForm\index.js
FN:10,(anonymous_0)
FN:12,(anonymous_1)
FN:18,(anonymous_2)
FN:32,(anonymous_3)
FNF:4
FNH:0
FNDA:0,(anonymous_0)
FNDA:0,(anonymous_1)
FNDA:0,(anonymous_2)
FNDA:0,(anonymous_3)
DA:10,0
DA:11,0
DA:12,0
DA:13,0
DA:16,0
DA:18,0
DA:20,0
DA:21,0
DA:29,0
DA:33,0
LF:10
LH:0
BRF:0
BRH:0
end_of_record
TN:
SF:src\components\winner\index.js
FN:5,(anonymous_0)
FN:8,(anonymous_1)
FN:15,(anonymous_2)
FN:20,(anonymous_3)
FN:26,(anonymous_4)
FN:31,(anonymous_5)
FNF:6
FNH:0
FNDA:0,(anonymous_0)
FNDA:0,(anonymous_1)
FNDA:0,(anonymous_2)
FNDA:0,(anonymous_3)
FNDA:0,(anonymous_4)
FNDA:0,(anonymous_5)
DA:5,0
DA:6,0
DA:8,0
DA:9,0
DA:12,0
DA:15,0
DA:16,0
DA:17,0
DA:20,0
DA:21,0
DA:22,0
DA:23,0
DA:26,0
DA:28,0
DA:32,0
LF:15
LH:0
BRF:0
BRH:0
end_of_record
TN:
SF:src\layout\index.js
FNF:0
FNH:0
LF:0
LH:0
BRF:0
BRH:0
end_of_record
TN:
SF:src\layout\footer\index.js
FN:4,(anonymous_0)
FNF:1
FNH:1
FNDA:4,(anonymous_0)
DA:4,2
DA:5,4
LF:2
LH:2
BRF:0
BRH:0
end_of_record
TN:
SF:src\layout\header\index.js
FN:8,(anonymous_0)
FNF:1
FNH:1
FNDA:4,(anonymous_0)
DA:9,4
LF:1
LH:1
BRF:0
BRH:0
end_of_record
TN:
SF:src\pages\index.js
FNF:0
FNH:0
LF:0
LH:0
BRF:0
BRH:0
end_of_record
TN:
SF:src\pages\Game\index.js
FN:5,(anonymous_0)
FNF:1
FNH:1
FNDA:2,(anonymous_0)
DA:6,2
LF:1
LH:1
BRF:0
BRH:0
end_of_record
TN:
SF:src\pages\Home\index.js
FN:8,(anonymous_0)
FNF:1
FNH:1
FNDA:3,(anonymous_0)
DA:8,2
DA:9,3
LF:2
LH:2
BRF:0
BRH:0
end_of_record
TN:
SF:src\pages\Questions\index.js
FN:14,(anonymous_0)
FN:14,(anonymous_1)
FN:18,(anonymous_2)
FN:23,(anonymous_3)
FN:38,(anonymous_4)
FNF:5
FNH:2
FNDA:3,(anonymous_0)
FNDA:0,(anonymous_1)
FNDA:0,(anonymous_2)
FNDA:3,(anonymous_3)
FNDA:0,(anonymous_4)
DA:10,2
DA:14,3
DA:15,0
DA:18,2
DA:19,0
DA:20,0
DA:24,3
DA:38,2
LF:8
LH:5
BRDA:26,0,0,3
BRDA:26,0,1,0
BRF:2
BRH:1
end_of_record
